<?xml version="1.0" encoding="UTF-8"?>
<testsuite name="br.com.adriano.swde.stepdefs.CucumberTest" tests="0" skipped="0" failures="0" errors="0" timestamp="1970-01-01T00:00:00" hostname="adriano-Inspiron-5570" time="0.0">
  <properties/>
  <system-out><![CDATA[Initializing DynamoDB Local with the following configuration:
Port:	8000
InMemory:	true
DbPath:	null
SharedDb:	true
shouldDelayTransientStatuses:	false
CorsParams:	*


1 Scenarios (?[32m1 passed?[0m)
3 Steps (?[32m3 passed?[0m)
0m7,704s


]]></system-out>
  <system-err><![CDATA[abr 25, 2020 9:53:10 PM io.cucumber.junit.Cucumber <init>
ADVERTÊNCIA: By default Cucumber is running in --non-strict mode.
This default will change to --strict and --non-strict will be removed.
You can use --strict or @CucumberOptions(strict = true) to suppress this warning
log4j:WARN No appenders could be found for logger (br.com.adriano.swde.stepdefs.CucumberTest).
log4j:WARN Please initialize the log4j system properly.
log4j:WARN See http://logging.apache.org/log4j/1.2/faq.html#noconfig for more info.
20/04/25 21:53:19 INFO CucumberTest: m=cleanup, message=Starting @AfterClass annotated method.
20/04/25 21:53:19 INFO CucumberTest: m=cleanup, message=Ending @AfterClass annotated method.
]]></system-err>
</testsuite>
